============================= test session starts ==============================
platform linux -- Python 3.12.13, pytest-9.0.3, pluggy-1.6.0
rootdir: /home/gregmorris/projects/depthfusion
configfile: pyproject.toml
plugins: timeout-2.4.0, cov-7.1.0, asyncio-1.4.0, respx-0.23.1, anyio-4.13.0, hypothesis-6.155.2, langsmith-0.8.14
asyncio: mode=Mode.STRICT, debug=False, asyncio_default_fixture_loop_scope=None, asyncio_default_test_loop_scope=function
collected 3611 items

tests/test_acl_frontmatter.py ........................                   [  0%]
tests/test_acl_property.py ............................................. [  1%]
...................................................sss.ssssssssss..s...s [  3%]
ss.s...ss..ss..ss..ss..s...s........                                     [  4%]
tests/test_acl_retrieval.py ...........................                  [  5%]
tests/test_acl_verifier.py ................                              [  6%]
tests/test_acl_write_enforcement.py ....................                 [  6%]
tests/test_admin_console_policy.py .....................                 [  7%]
tests/test_admin_retention.py ............                               [  7%]
tests/test_aggregate_leak.py ................                            [  8%]
tests/test_analytics.py ...................                              [  8%]
tests/test_analyzer/test_compatibility.py ...................            [  9%]
tests/test_analyzer/test_introspection.py ..................             [  9%]
tests/test_analyzer/test_mcp_server.py ......................            [ 10%]
tests/test_analyzer/test_metrics.py ...........                          [ 10%]
tests/test_analyzer/test_recommender_installer.py ...................... [ 11%]
....                                                                     [ 11%]
tests/test_analyzer/test_scanner.py ..........                           [ 11%]
tests/test_atomic_replace.py ..................                          [ 11%]
tests/test_audit.py ....................................                 [ 12%]
tests/test_backends/test_base.py ...........                             [ 13%]
tests/test_backends/test_chain.py ...........................            [ 14%]
tests/test_backends/test_factory.py ......................               [ 14%]
tests/test_backends/test_fallback_log.py ................                [ 15%]
tests/test_backends/test_fallback_order.py .........................     [ 15%]
tests/test_backends/test_gemma.py .....................................  [ 16%]
tests/test_backends/test_haiku.py ...............................        [ 17%]
tests/test_backends/test_local_embedding.py .......................      [ 18%]
tests/test_backends/test_null.py ..........                              [ 18%]
tests/test_backends/test_openrouter.py ..............                    [ 18%]
tests/test_bench/test_cat_d_harness.py ...................               [ 19%]
tests/test_benchmark/test_ciqs_proxy.py .......                          [ 19%]
tests/test_benchmarks/test_cognitive_eval.py ..........                  [ 19%]
tests/test_benchmarks/test_fusion_benchmark.py .                         [ 19%]
tests/test_benchmarks/test_ingest_throughput.py .                        [ 19%]
tests/test_cache.py ..........................                           [ 20%]
tests/test_capability_check.py ......................................... [ 21%]
.....................................................                    [ 23%]
tests/test_capture/test_auto_compress.py ................                [ 23%]
tests/test_capture/test_auto_learn.py ...................                [ 24%]
tests/test_capture/test_compressor.py .............                      [ 24%]
tests/test_capture/test_decay.py .........                               [ 24%]
tests/test_capture/test_decision_extractor.py .......................... [ 25%]
                                                                         [ 25%]
tests/test_capture/test_dedup.py ..........................              [ 26%]
tests/test_capture/test_event_hook.py .................                  [ 26%]
tests/test_capture/test_negative_extractor.py .........................  [ 27%]
tests/test_capture/test_pin.py ........................                  [ 28%]
tests/test_capture/test_recall_feedback.py .....................         [ 28%]
tests/test_capture/test_scoring.py ..................................... [ 29%]
....                                                                     [ 29%]
tests/test_classification.py ........................................... [ 31%]
.......................................                                  [ 32%]
tests/test_cli_migrate.py ...............                                [ 32%]
tests/test_cognitive/test_consolidator.py ......                         [ 32%]
tests/test_cognitive/test_contradiction.py ....                          [ 32%]
tests/test_cognitive/test_scorer.py .....                                [ 32%]
tests/test_core/test_config.py ...............                           [ 33%]
tests/test_core/test_event_store.py ...............                      [ 33%]
tests/test_core/test_feedback.py ............                            [ 34%]
tests/test_core/test_hit_tracker.py .....................                [ 34%]
tests/test_core/test_memory_event.py ....                                [ 34%]
tests/test_core/test_memory_object.py .....                              [ 34%]
tests/test_core/test_project_registry.py .......                         [ 35%]
tests/test_core/test_scoring.py ..................                       [ 35%]
tests/test_core/test_types.py ....................                       [ 36%]
tests/test_device_keychain.py ...........................                [ 36%]
tests/test_device_lease.py .................................             [ 37%]
tests/test_device_login.py ......                                        [ 38%]
tests/test_device_registry.py .....................                      [ 38%]
tests/test_document_parser_base.py .........                             [ 38%]
tests/test_document_parsers.py .....................                     [ 39%]
tests/test_export_controls.py ...........................                [ 40%]
tests/test_expression_eval.py .........................                  [ 40%]
tests/test_fastapi_deps.py ......                                        [ 41%]
tests/test_fusion/test_block_retrieval.py ........                       [ 41%]
tests/test_fusion/test_gate_config_version.py .............              [ 41%]
tests/test_fusion/test_gates.py ........................................ [ 42%]
.................                                                        [ 43%]
tests/test_fusion/test_materialisation_policy.py ....................... [ 43%]
.......                                                                  [ 44%]
tests/test_fusion/test_reranker.py ..........                            [ 44%]
tests/test_fusion/test_rrf.py .............                              [ 44%]
tests/test_fusion/test_selective_fusion_weighter.py .................    [ 45%]
tests/test_fusion/test_weighted.py ............                          [ 45%]
tests/test_generic_parser.py .................                           [ 45%]
tests/test_graph/test_acl_inheritance.py ......                          [ 46%]
tests/test_graph/test_builder.py ...........                             [ 46%]
tests/test_graph/test_dedup.py ....................                      [ 46%]
tests/test_graph/test_extractor.py .............................         [ 47%]
tests/test_graph/test_linker.py ..............................           [ 48%]
tests/test_graph/test_scope.py ..........                                [ 48%]
tests/test_graph/test_store.py ......................................... [ 50%]
..................                                                       [ 50%]
tests/test_graph/test_temporal_session_linker.py ....................... [ 51%]
....                                                                     [ 51%]
tests/test_graph/test_traverser.py ..............                        [ 51%]
tests/test_graph/test_types.py ....                                      [ 51%]
tests/test_hooks/test_git_post_commit.py ..................              [ 52%]
tests/test_hooks/test_post_tool_use.py .........................         [ 52%]
tests/test_hooks/test_s262_perturn_review.py ....................        [ 53%]
tests/test_hooks/test_session_start.py ...................               [ 54%]
tests/test_identity_token_validator.py .......................           [ 54%]
tests/test_ingest.py .................................                   [ 55%]
tests/test_install/test_env_merge.py ...............                     [ 56%]
tests/test_install/test_gpu_probe.py .........                           [ 56%]
tests/test_install/test_install.py ..................................    [ 57%]
tests/test_install/test_mcp_registration.py .......                      [ 57%]
tests/test_install/test_smoke.py .............                           [ 57%]
tests/test_install/test_ui_server.py ........                            [ 57%]
tests/test_install/test_windows_compat.py .....                          [ 58%]
tests/test_integration/test_cognitive_pipeline.py .....                  [ 58%]
tests/test_integration/test_events_api.py ...........................    [ 59%]
tests/test_integration/test_rest_api.py ......                           [ 59%]
tests/test_integration/test_rest_query.py .....................          [ 59%]
tests/test_integration/test_route_authz.py .....................         [ 60%]
tests/test_integration/test_telemetry.py ............................... [ 61%]
                                                                         [ 61%]
tests/test_legacy_shim.py ..................................             [ 62%]
tests/test_mcp/test_backend_health_warning.py .....                      [ 62%]
tests/test_mcp/test_bridge_tools.py ...........                          [ 62%]
tests/test_mcp/test_cognitive_tools.py ....                              [ 62%]
tests/test_mcp/test_decisions_domain.py .............                    [ 63%]
tests/test_mcp/test_hnsw_capability.py ....                              [ 63%]
tests/test_mcp/test_http_server_auth.py .........                        [ 63%]
tests/test_mcp/test_project_domain.py ...................                [ 63%]
tests/test_mcp/test_prune_discoveries.py .....................           [ 64%]
tests/test_mcp/test_pruner_quality.py .......                            [ 64%]
tests/test_mcp/test_recall_explain.py .............                      [ 65%]
tests/test_mcp/test_s112_structured_fields.py ...                        [ 65%]
tests/test_mcp/test_s113_recall_modes.py .........                       [ 65%]
tests/test_mcp/test_skillforge_client.py .....                           [ 65%]
tests/test_mcp/test_system_telemetry_domain.py ..................        [ 66%]
tests/test_mcp/test_tool_schemas.py ..........                           [ 66%]
tests/test_mcp_authz.py .......................................sssssss.. [ 67%]
...............s....................................                     [ 69%]
tests/test_metrics/test_collector_reliability.py .